# Design: Design project_counter100 already active.
# DESIGN: Default Design Language: VHDL
# DESIGN: Default BDE Language: VHDL
# DESIGN: Flow Manager: Not Defined
acom -reorder -work project_counter100 -2002  $DSN/src/project_counter100.vhd
# Compile with File Reorder...
# File: c:\My_Designs\The_project\project_counter100\src\project_counter100.vhd
# Compile Entity "counter_to100_entity"
# Compile Architecture "counter_to100_arch" of Entity "counter_to100_entity"
# Top-level unit(s) detected:
# Entity => counter_to100_entity
# Compile success 0 Errors 0 Warnings  Analysis time :  0.1 [s]
# ELBREAD: Elaboration process.
# ELBREAD: Elaboration time 0.0 [s].
acom -work project_counter100 -2002  $DSN/src/TestBench/counter_to100_entity_TB.vhd
# Compile...
# File: c:\My_Designs\The_project\project_counter100\src\TestBench\counter_to100_entity_TB.vhd
# Compile Entity "counter_to100_entity_tb"
# Compile Architecture "TB_ARCHITECTURE" of Entity "counter_to100_entity_tb"
# Compile Configuration "TESTBENCH_FOR_counter_to100_entity"
# Compile success 0 Errors 0 Warnings  Analysis time :  0.2 [s]
# ELBREAD: Elaboration process.
# ELBREAD: Elaboration time 0.0 [s].
asim -advdataflow  counter_to100_entity_tb tb_architecture
# ELBREAD: Elaboration process.
# ELBREAD: Elaboration time 0.0 [s].
# asim: Stack memory: 32MB
# asim: Retval memory: 32MB
# KERNEL: Main thread initiated.
# KERNEL: Kernel process initialization phase.
# KERNEL: Time resolution set to 1ps.
# ELAB2: Elaboration final pass...
# ELAB2: Create instances ...
# ELAB2: Create instances complete.
# ELAB2: Elaboration final pass complete - time: 0.0 [s].
# KERNEL: Kernel process initialization done.
# Allocation: Simulator allocated 1861 kB (elbread=1023 elab2=554 kernel=282 sdf=0)
# KERNEL: ASDB file was created in location c:\My_Designs\The_project\project_counter100\src\wave.asdb
#  2:56 AM, Saturday, January 1, 2022
#  Simulation has been initialized
#  Selected Top-Level: counter_to100_entity_tb (tb_architecture)
# 5 signal(s) traced.
run @600ns
# KERNEL: stopped at time: 600 ns
run @1ms
# KERNEL: stopped at time: 1 ms
#  Simulation has been stopped
